TN:
SF:src/auth/user.entity.ts
FN:21,(anonymous_2)
FN:21,(anonymous_3)
FNF:2
FNH:0
FNDA:0,(anonymous_2)
FNDA:0,(anonymous_3)
DA:1,1
DA:8,1
DA:11,1
DA:13,1
DA:16,1
DA:19,1
DA:21,0
DA:22,1
LF:8
LH:7
BRF:0
BRH:0
end_of_record
TN:
SF:src/tasks/task.entity.ts
FN:20,(anonymous_2)
FN:20,(anonymous_3)
FNF:2
FNH:0
FNDA:0,(anonymous_2)
FNDA:0,(anonymous_3)
DA:1,1
DA:3,1
DA:6,1
DA:9,1
DA:12,1
DA:15,1
DA:18,1
DA:20,0
DA:21,1
DA:24,1
LF:10
LH:9
BRF:0
BRH:0
end_of_record
TN:
SF:src/tasks/task.repository.ts
FN:10,(anonymous_1)
FN:24,(anonymous_2)
FNF:2
FNH:0
FNDA:0,(anonymous_1)
FNDA:0,(anonymous_2)
DA:1,1
DA:2,1
DA:8,1
DA:11,0
DA:12,0
DA:13,0
DA:14,0
DA:15,0
DA:16,0
DA:17,0
DA:19,0
DA:21,0
DA:25,0
DA:26,0
DA:28,0
DA:30,0
DA:31,0
DA:34,0
DA:35,0
DA:38,0
DA:39,0
LF:21
LH:3
BRDA:30,0,0,0
BRDA:30,0,1,0
BRDA:34,1,0,0
BRDA:34,1,1,0
BRF:4
BRH:0
end_of_record
TN:
SF:src/tasks/tasks.service.ts
FN:12,(anonymous_4)
FN:17,(anonymous_5)
FN:21,(anonymous_6)
FN:31,(anonymous_7)
FN:36,(anonymous_8)
FN:49,(anonymous_9)
FNF:6
FNH:5
FNDA:8,(anonymous_4)
FNDA:1,(anonymous_5)
FNDA:2,(anonymous_6)
FNDA:1,(anonymous_7)
FNDA:0,(anonymous_8)
FNDA:2,(anonymous_9)
DA:1,1
DA:2,1
DA:7,1
DA:11,1
DA:14,8
DA:18,1
DA:22,2
DA:24,2
DA:25,1
DA:28,1
DA:32,1
DA:33,1
DA:37,0
DA:39,0
DA:40,0
DA:43,0
DA:44,0
DA:46,0
DA:50,2
DA:52,2
DA:53,1
LF:21
LH:15
BRDA:24,0,0,1
BRDA:24,0,1,1
BRDA:39,1,0,0
BRDA:39,1,1,0
BRDA:52,2,0,1
BRDA:52,2,1,1
BRF:6
BRH:4
end_of_record
